


ARM Macro Assembler    Page 1 


    1 00000000         ;
    2 00000000         ; CS1022 Introduction to Computing II 2018/2019
    3 00000000         ; Lab 4 - blinky-int
    4 00000000         ;
    5 00000000 E0004000 
                       T0IR    EQU              0xE0004000
    6 00000000 E0004004 
                       T0TCR   EQU              0xE0004004
    7 00000000 E0004018 
                       T0MR0   EQU              0xE0004018
    8 00000000 E0004014 
                       T0MCR   EQU              0xE0004014
    9 00000000         
   10 00000000 E002C010 
                       PINSEL4 EQU              0xE002C010
   11 00000000         
   12 00000000 3FFFC041 
                       FIO2DIR1
                               EQU              0x3FFFC041
   13 00000000 3FFFC055 
                       FIO2PIN1
                               EQU              0x3FFFC055
   14 00000000         
   15 00000000 FFFFF00C 
                       VICIntSelect
                               EQU              0xFFFFF00C
   16 00000000 FFFFF010 
                       VICIntEnable
                               EQU              0xFFFFF010
   17 00000000 FFFFF100 
                       VICVectAddr0
                               EQU              0xFFFFF100
   18 00000000 FFFFF200 
                       VICVectPri0
                               EQU              0xFFFFF200
   19 00000000 FFFFFF00 
                       VICVectAddr
                               EQU              0xFFFFFF00
   20 00000000         
   21 00000000 00000004 
                       VICVectT0
                               EQU              4
   22 00000000         
   23 00000000 00000080 
                       Irq_Stack_Size
                               EQU              0x80
   24 00000000         
   25 00000000 00000010 
                       Mode_USR
                               EQU              0x10
   26 00000000 00000012 
                       Mode_IRQ
                               EQU              0x12
   27 00000000 00000080 
                       I_Bit   EQU              0x80        ; when I bit is set
                                                            , IRQ is disabled
   28 00000000 00000040 
                       F_Bit   EQU              0x40        ; when F bit is set
                                                            , FIQ is disabled



ARM Macro Assembler    Page 2 


   29 00000000         
   30 00000000         
   31 00000000                 AREA             RESET, CODE, READONLY
   32 00000000                 ENTRY
   33 00000000         
   34 00000000         ; Exception Vectors
   35 00000000         
   36 00000000 EA000006        B                Reset_Handler ; 0x00000000
   37 00000004 EA00000C        B                Undef_Handler ; 0x00000004
   38 00000008 EA00000C        B                SWI_Handler ; 0x00000008
   39 0000000C EA00000C        B                PAbt_Handler ; 0x0000000C
   40 00000010 EA00000C        B                DAbt_Handler ; 0x00000010
   41 00000014 E1A00000        NOP                          ; 0x00000014
   42 00000018 EA00000B        B                IRQ_Handler ; 0x00000018
   43 0000001C EA000010        B                FIQ_Handler ; 0x0000001C
   44 00000020         
   45 00000020         ;
   46 00000020         ; Reset Exception Handler
   47 00000020         ;
   48 00000020         Reset_Handler
   49 00000020         
   50 00000020         ;
   51 00000020         ; Initialize Stack Pointers (SP) for each mode we are us
                       ing
   52 00000020         ;
   53 00000020         
   54 00000020         ; Stack Top
   55 00000020 E59F0048        LDR              R0, =0x40010000
   56 00000024         
   57 00000024         ; Enter undef mode and set initial SP
   58 00000024 E321F0D2        MSR              CPSR_c, #Mode_IRQ:OR:I_Bit:OR:F
_Bit
   59 00000028 E1A0D000        MOV              SP, R0
   60 0000002C E2400080        SUB              R0, R0, #Irq_Stack_Size
   61 00000030         
   62 00000030         ; Enter user mode and set initial SP
   63 00000030 E321F010        MSR              CPSR_c, #Mode_USR
   64 00000034 E1A0D000        MOV              SP, R0
   65 00000038         
   66 00000038         
   67 00000038         ;
   68 00000038         ; Initialise peripherals here
   69 00000038         ;
   70 00000038         ;   Initialise TIMER0 (see timer-int example)
   71 00000038         ;   Initialise VIC for TIMER0 interrupts (see timer-int 
                       example)
   72 00000038         ;   Initialise P2.10 for GPIO output (see blinky example
                       )
   73 00000038         ;   Start TIMER0 (see timer-int example)
   74 00000038         ;
   75 00000038         
   76 00000038 EAFFFFFE 
                       STOP    B                STOP
   77 0000003C         
   78 0000003C         
   79 0000003C         ;
   80 0000003C         ; Software Interrupt Exception Handler
   81 0000003C         ;
   82 0000003C         Undef_Handler



ARM Macro Assembler    Page 3 


   83 0000003C EAFFFFFE        B                Undef_Handler
   84 00000040         
   85 00000040         ;
   86 00000040         ; Software Interrupt Exception Handler
   87 00000040         ;
   88 00000040         SWI_Handler
   89 00000040 EAFFFFFE        B                SWI_Handler
   90 00000044         
   91 00000044         ;
   92 00000044         ; Prefetch Abort Exception Handler
   93 00000044         ;
   94 00000044         PAbt_Handler
   95 00000044 EAFFFFFE        B                PAbt_Handler
   96 00000048         
   97 00000048         ;
   98 00000048         ; Data Abort Exception Handler
   99 00000048         ;
  100 00000048         DAbt_Handler
  101 00000048 EAFFFFFE        B                DAbt_Handler
  102 0000004C         
  103 0000004C         ;
  104 0000004C         ; Interrupt ReQuest (IRQ) Exception Handler (top level -
                        all devices)
  105 0000004C         ;
  106 0000004C         IRQ_Handler
  107 0000004C E24EE004        SUB              lr, lr, #4  ; for IRQs, LR is a
                                                            lways 4 more than t
                                                            he
  108 00000050         ; real return address
  109 00000050 E92D400F        STMFD            sp!, {r0-r3,lr} 
                                                            ; save r0-r3 and lr
                                                            
  110 00000054         
  111 00000054 E3E000FF        LDR              r0, =VICVectAddr ; address of V
                                                            IC Vector Address m
                                                            emory-
  112 00000058         ; mapped register
  113 00000058         
  114 00000058 E1A0E00F        MOV              lr, pc      ; can’t use BL he
                                                            re because we are b
                                                            ranching
  115 0000005C E590F000        LDR              pc, [r0]    ; to a different su
                                                            broutine dependant 
                                                            on device
  116 00000060         ; raising the IRQ - this is a manual BL !!
  117 00000060         
  118 00000060 E8FD800F        LDMFD            sp!, {r0-r3, pc}^ ; restore r0-
                                                            r3, lr and CPSR
  119 00000064         
  120 00000064         ;
  121 00000064         ; Fast Interrupt reQuest Exception Handler
  122 00000064         ;
  123 00000064         FIQ_Handler
  124 00000064 EAFFFFFE        B                FIQ_Handler
  125 00000068         
  126 00000068         ;
  127 00000068         ; TIMER0 IRQ Handler (device-specific handler called by 
                       top-level IRQ_Handler)
  128 00000068         ;



ARM Macro Assembler    Page 4 


  129 00000068         Timer_Handler
  130 00000068         
  131 00000068 E92D4030        STMFD            sp!, {r4-r5, lr}
  132 0000006C         
  133 0000006C         ;
  134 0000006C         ; your timer irq handler goes here
  135 0000006C         ; see timer-int example to see how to handle TIMER inter
                       rupts
  136 0000006C         ; see blinky example to see how to blink the LED
  137 0000006C         ;
  138 0000006C         
  139 0000006C E8BD8030        LDMFD            sp!, {r4-r5, pc}
  140 00000070         
  141 00000070                 END
              40010000 
Command Line: --debug --xref --diag_suppress=9931 --apcs=interwork --depend=.\o
bjects\lab4-blinky-int.d -o.\objects\lab4-blinky-int.o -IC:\Keil_v5\ARM\RV31\IN
C -IC:\Keil_v5\ARM\CMSIS\Include -IC:\Keil_v5\ARM\Inc\Philips --predefine="__EV
AL SETA 1" --predefine="__UVISION_VERSION SETA 516" --list=.\listings\lab4-blin
ky-int.lst lab4-blinky-int.s



ARM Macro Assembler    Page 1 Alphabetic symbol ordering
Relocatable symbols

DAbt_Handler 00000048

Symbol: DAbt_Handler
   Definitions
      At line 100 in file lab4-blinky-int.s
   Uses
      At line 40 in file lab4-blinky-int.s
      At line 101 in file lab4-blinky-int.s

FIQ_Handler 00000064

Symbol: FIQ_Handler
   Definitions
      At line 123 in file lab4-blinky-int.s
   Uses
      At line 43 in file lab4-blinky-int.s
      At line 124 in file lab4-blinky-int.s

IRQ_Handler 0000004C

Symbol: IRQ_Handler
   Definitions
      At line 106 in file lab4-blinky-int.s
   Uses
      At line 42 in file lab4-blinky-int.s
Comment: IRQ_Handler used once
PAbt_Handler 00000044

Symbol: PAbt_Handler
   Definitions
      At line 94 in file lab4-blinky-int.s
   Uses
      At line 39 in file lab4-blinky-int.s
      At line 95 in file lab4-blinky-int.s

RESET 00000000

Symbol: RESET
   Definitions
      At line 31 in file lab4-blinky-int.s
   Uses
      None
Comment: RESET unused
Reset_Handler 00000020

Symbol: Reset_Handler
   Definitions
      At line 48 in file lab4-blinky-int.s
   Uses
      At line 36 in file lab4-blinky-int.s
Comment: Reset_Handler used once
STOP 00000038

Symbol: STOP
   Definitions
      At line 76 in file lab4-blinky-int.s
   Uses
      At line 76 in file lab4-blinky-int.s
Comment: STOP used once



ARM Macro Assembler    Page 2 Alphabetic symbol ordering
Relocatable symbols

SWI_Handler 00000040

Symbol: SWI_Handler
   Definitions
      At line 88 in file lab4-blinky-int.s
   Uses
      At line 38 in file lab4-blinky-int.s
      At line 89 in file lab4-blinky-int.s

Timer_Handler 00000068

Symbol: Timer_Handler
   Definitions
      At line 129 in file lab4-blinky-int.s
   Uses
      None
Comment: Timer_Handler unused
Undef_Handler 0000003C

Symbol: Undef_Handler
   Definitions
      At line 82 in file lab4-blinky-int.s
   Uses
      At line 37 in file lab4-blinky-int.s
      At line 83 in file lab4-blinky-int.s

10 symbols



ARM Macro Assembler    Page 1 Alphabetic symbol ordering
Absolute symbols

FIO2DIR1 3FFFC041

Symbol: FIO2DIR1
   Definitions
      At line 12 in file lab4-blinky-int.s
   Uses
      None
Comment: FIO2DIR1 unused
FIO2PIN1 3FFFC055

Symbol: FIO2PIN1
   Definitions
      At line 13 in file lab4-blinky-int.s
   Uses
      None
Comment: FIO2PIN1 unused
F_Bit 00000040

Symbol: F_Bit
   Definitions
      At line 28 in file lab4-blinky-int.s
   Uses
      At line 58 in file lab4-blinky-int.s
Comment: F_Bit used once
I_Bit 00000080

Symbol: I_Bit
   Definitions
      At line 27 in file lab4-blinky-int.s
   Uses
      At line 58 in file lab4-blinky-int.s
Comment: I_Bit used once
Irq_Stack_Size 00000080

Symbol: Irq_Stack_Size
   Definitions
      At line 23 in file lab4-blinky-int.s
   Uses
      At line 60 in file lab4-blinky-int.s
Comment: Irq_Stack_Size used once
Mode_IRQ 00000012

Symbol: Mode_IRQ
   Definitions
      At line 26 in file lab4-blinky-int.s
   Uses
      At line 58 in file lab4-blinky-int.s
Comment: Mode_IRQ used once
Mode_USR 00000010

Symbol: Mode_USR
   Definitions
      At line 25 in file lab4-blinky-int.s
   Uses
      At line 63 in file lab4-blinky-int.s
Comment: Mode_USR used once
PINSEL4 E002C010

Symbol: PINSEL4



ARM Macro Assembler    Page 2 Alphabetic symbol ordering
Absolute symbols

   Definitions
      At line 10 in file lab4-blinky-int.s
   Uses
      None
Comment: PINSEL4 unused
T0IR E0004000

Symbol: T0IR
   Definitions
      At line 5 in file lab4-blinky-int.s
   Uses
      None
Comment: T0IR unused
T0MCR E0004014

Symbol: T0MCR
   Definitions
      At line 8 in file lab4-blinky-int.s
   Uses
      None
Comment: T0MCR unused
T0MR0 E0004018

Symbol: T0MR0
   Definitions
      At line 7 in file lab4-blinky-int.s
   Uses
      None
Comment: T0MR0 unused
T0TCR E0004004

Symbol: T0TCR
   Definitions
      At line 6 in file lab4-blinky-int.s
   Uses
      None
Comment: T0TCR unused
VICIntEnable FFFFF010

Symbol: VICIntEnable
   Definitions
      At line 16 in file lab4-blinky-int.s
   Uses
      None
Comment: VICIntEnable unused
VICIntSelect FFFFF00C

Symbol: VICIntSelect
   Definitions
      At line 15 in file lab4-blinky-int.s
   Uses
      None
Comment: VICIntSelect unused
VICVectAddr FFFFFF00

Symbol: VICVectAddr
   Definitions
      At line 19 in file lab4-blinky-int.s
   Uses



ARM Macro Assembler    Page 3 Alphabetic symbol ordering
Absolute symbols

      At line 111 in file lab4-blinky-int.s
Comment: VICVectAddr used once
VICVectAddr0 FFFFF100

Symbol: VICVectAddr0
   Definitions
      At line 17 in file lab4-blinky-int.s
   Uses
      None
Comment: VICVectAddr0 unused
VICVectPri0 FFFFF200

Symbol: VICVectPri0
   Definitions
      At line 18 in file lab4-blinky-int.s
   Uses
      None
Comment: VICVectPri0 unused
VICVectT0 00000004

Symbol: VICVectT0
   Definitions
      At line 21 in file lab4-blinky-int.s
   Uses
      None
Comment: VICVectT0 unused
18 symbols
362 symbols in table
