


ARM Macro Assembler    Page 1 


    1 00000000         ;
    2 00000000         ; CS1022 Introduction to Computing II 2018/2019
    3 00000000         ; Lab 1 - Matrix Multiplication
    4 00000000         ;
    5 00000000         
    6 00000000         ;1    90 100 110 120
    7 00000000         ;2 202 228 254 280
    8 00000000         ;3 314 356 398 440
    9 00000000         ;4 426 484 542 600
   10 00000000         
   11 00000000         ;1  5A
   12 00000000         
   13 00000000         
   14 00000000 00000004 
                       N       EQU              4
   15 00000000         
   16 00000000                 AREA             globals, DATA, READWRITE
   17 00000000         
   18 00000000         ; result matrix R
   19 00000000         
   20 00000000 00 00 00 
              00 00 00 
              00 00 00 
              00 00 00 
              00 00 00 
              00 00 00 
              00 00 00 
              00 00 00 
              00 00 00 
              00 00 00 
              00 00 00 
              00 00 00 
              00 00 00 
              00 00 00 
              00 00 00 
              00 00 00 
              00 00 00 
              00 00 00 
              00 00 00 
              00 00 00 
              00 00 00 
              00       ARR_R   SPACE            N*N*4       ; 4 * 4 * word-size
                                                             values
   21 00000040         
   22 00000040         
   23 00000040                 AREA             RESET, CODE, READONLY
   24 00000000                 ENTRY
   25 00000000         
   26 00000000 E59F00F8        LDR              R0, =ARR_A
   27 00000004 E59F10F8        LDR              R1, =ARR_B
   28 00000008 E59F20F8        LDR              R2, =ARR_R
   29 0000000C E3A03004        LDR              R3, =N
   30 00000010         
   31 00000010         ; your program goes here
   32 00000010         
   33 00000010 E3A04000        LDR              R4, =0      ; i = 0
   34 00000014 E3540004 
                       FOR1    CMP              R4, #N      ; i < N
   35 00000018 2A000017        BHS              EFOR1       ; END FOR1



ARM Macro Assembler    Page 2 


   36 0000001C         
   37 0000001C E3A05000        LDR              R5, =0      ; j = 0
   38 00000020 E3550004 
                       FOR2    CMP              R5, #N      ; j < N
   39 00000024 2A000012        BHS              EFOR2       ; END FOR2
   40 00000028         
   41 00000028 E3A06000        LDR              R6, =0      ; r = 0
   42 0000002C         
   43 0000002C E3A07000        LDR              R7, =0      ; k = 0
   44 00000030 E3570004 
                       FOR3    CMP              R7, #N      ; k < N
   45 00000034 2A000009        BHS              EFOR3       ; END FOR3
   46 00000038         
   47 00000038 E0080394        MUL              R8, R4, R3  ; R8 = Value of = A
                                                            [i, _ ]  // Move to
                                                             correct row 
   48 0000003C E0888007        ADD              R8, R8, R7  ; R8 = Value of = A
                                                            [i, k ]  // Then to
                                                             correct column
   49 00000040 E7909108        LDR              R9, [R0, R8, LSL #2] ; To place
                                                             of A[i, k]
   50 00000044         
   51 00000044 E00A0397        MUL              R10, R7, R3 ; R8 = Value of = B
                                                            [k, _ ]  // Move to
                                                             correct row 
   52 00000048 E08AA005        ADD              R10, R10, R5 ; R8 = Value of = 
                                                            B[k, j ]  // Then t
                                                            o correct column
   53 0000004C E791B10A        LDR              R11, [R1, R10, LSL #2] ; To pla
                                                            ce of B[k, j]
   54 00000050         
   55 00000050 E00B0B99        MUL              R11, R9, R11 ; R = ( A[ i , k ]
                                                             * B[ k , j ] )
   56 00000054 E08B6006        ADD              R6, R11, R6 ; R = R +( A[ i , k
                                                             ] * B[ k , j ] )
   57 00000058         
   58 00000058 E2877001        ADD              R7, R7, #1  ; k++;
   59 0000005C EAFFFFF3        B                FOR3        ; Back to third loo
                                                            p
   60 00000060         EFOR3
   61 00000060         
   62 00000060 E00C0394        MUL              R12, R4, R3 ; R12 = Value of R[
                                                            i, _]
   63 00000064 E08CC005        ADD              R12, R12, R5 ; R12 = Value of R
                                                            [i, j]
   64 00000068         
   65 00000068 E782610C        STR              R6, [R2, R12, LSL #2] 
                                                            ; R[ i , j ] = r ;
   66 0000006C         
   67 0000006C E2855001        ADD              R5, R5, #1  ; j++;
   68 00000070 EAFFFFEA        B                FOR2        ; Back to second lo
                                                            op
   69 00000074         EFOR2
   70 00000074 E2844001        ADD              R4, R4, #1  ; i++;
   71 00000078 EAFFFFE5        B                FOR1        ; Back to first loo
                                                            p
   72 0000007C         EFOR1
   73 0000007C         
   74 0000007C EAFFFFFE 



ARM Macro Assembler    Page 3 


                       STOP    B                STOP
   75 00000080         
   76 00000080         ; two constant value matrices, A and B
   77 00000080         
   78 00000080 00000001 
              00000002 
              00000003 
              00000004 ARR_A   DCD              1,  2,  3,  4
   79 00000090 00000005 
              00000006 
              00000007 
              00000008         DCD              5,  6,  7,  8
   80 000000A0 00000009 
              0000000A 
              0000000B 
              0000000C         DCD              9, 10, 11, 12
   81 000000B0 0000000D 
              0000000E 
              0000000F 
              00000010         DCD              13, 14, 15, 16
   82 000000C0         
   83 000000C0 00000001 
              00000002 
              00000003 
              00000004 ARR_B   DCD              1,  2,  3,  4
   84 000000D0 00000005 
              00000006 
              00000007 
              00000008         DCD              5,  6,  7,  8
   85 000000E0 00000009 
              0000000A 
              0000000B 
              0000000C         DCD              9, 10, 11, 12
   86 000000F0 0000000D 
              0000000E 
              0000000F 
              00000010         DCD              13, 14, 15, 16
   87 00000100         
   88 00000100                 END
              00000000 
              00000000 
              00000000 
Command Line: --debug --xref --diag_suppress=9931 --apcs=interwork --depend=.\o
bjects\lab1-matmul.d -o.\objects\lab1-matmul.o -IC:\Keil_v5\ARM\RV31\INC -IC:\K
eil_v5\ARM\CMSIS\Include -IC:\Keil_v5\ARM\Inc\Philips --predefine="__EVAL SETA 
1" --predefine="__UVISION_VERSION SETA 516" --list=.\listings\lab1-matmul.lst l
ab1-matmul.s



ARM Macro Assembler    Page 1 Alphabetic symbol ordering
Relocatable symbols

ARR_R 00000000

Symbol: ARR_R
   Definitions
      At line 20 in file lab1-matmul.s
   Uses
      At line 28 in file lab1-matmul.s
Comment: ARR_R used once
globals 00000000

Symbol: globals
   Definitions
      At line 16 in file lab1-matmul.s
   Uses
      None
Comment: globals unused
2 symbols



ARM Macro Assembler    Page 1 Alphabetic symbol ordering
Relocatable symbols

ARR_A 00000080

Symbol: ARR_A
   Definitions
      At line 78 in file lab1-matmul.s
   Uses
      At line 26 in file lab1-matmul.s
Comment: ARR_A used once
ARR_B 000000C0

Symbol: ARR_B
   Definitions
      At line 83 in file lab1-matmul.s
   Uses
      At line 27 in file lab1-matmul.s
Comment: ARR_B used once
EFOR1 0000007C

Symbol: EFOR1
   Definitions
      At line 72 in file lab1-matmul.s
   Uses
      At line 35 in file lab1-matmul.s
Comment: EFOR1 used once
EFOR2 00000074

Symbol: EFOR2
   Definitions
      At line 69 in file lab1-matmul.s
   Uses
      At line 39 in file lab1-matmul.s
Comment: EFOR2 used once
EFOR3 00000060

Symbol: EFOR3
   Definitions
      At line 60 in file lab1-matmul.s
   Uses
      At line 45 in file lab1-matmul.s
Comment: EFOR3 used once
FOR1 00000014

Symbol: FOR1
   Definitions
      At line 34 in file lab1-matmul.s
   Uses
      At line 71 in file lab1-matmul.s
Comment: FOR1 used once
FOR2 00000020

Symbol: FOR2
   Definitions
      At line 38 in file lab1-matmul.s
   Uses
      At line 68 in file lab1-matmul.s
Comment: FOR2 used once
FOR3 00000030

Symbol: FOR3



ARM Macro Assembler    Page 2 Alphabetic symbol ordering
Relocatable symbols

   Definitions
      At line 44 in file lab1-matmul.s
   Uses
      At line 59 in file lab1-matmul.s
Comment: FOR3 used once
RESET 00000000

Symbol: RESET
   Definitions
      At line 23 in file lab1-matmul.s
   Uses
      None
Comment: RESET unused
STOP 0000007C

Symbol: STOP
   Definitions
      At line 74 in file lab1-matmul.s
   Uses
      At line 74 in file lab1-matmul.s
Comment: STOP used once
10 symbols



ARM Macro Assembler    Page 1 Alphabetic symbol ordering
Absolute symbols

N 00000004

Symbol: N
   Definitions
      At line 14 in file lab1-matmul.s
   Uses
      At line 20 in file lab1-matmul.s
      At line 20 in file lab1-matmul.s
      At line 29 in file lab1-matmul.s
      At line 34 in file lab1-matmul.s
      At line 38 in file lab1-matmul.s
      At line 44 in file lab1-matmul.s

1 symbol
347 symbols in table
